<?xml version="1.0" encoding="UTF-8"?>
<!-- Generated by org.testng.reporters.JUnitReportReporter -->
<testsuite skipped="0" hostname="jarvis" name="advance.SelectClassMultiSelectAndDeselectAll" tests="1" failures="0" timestamp="29 Dec 2020 09:57:54 GMT" time="15.090" errors="0">
  <testcase name="multiSelect" time="15.090" classname="advance.SelectClassMultiSelectAndDeselectAll"/>
</testsuite> <!-- advance.SelectClassMultiSelectAndDeselectAll -->
