<?xml version="1.0" encoding="UTF-8"?>
<!-- Generated by org.testng.reporters.JUnitReportReporter -->
<testsuite skipped="0" hostname="jarvis" name="testscripts.TC_003_LoginWithInvalidUsername" tests="1" failures="0" timestamp="05 Jan 2021 10:20:58 GMT" time="2.995" errors="0">
  <testcase name="tc_003_loginWithInvalidUsername" time="2.995" classname="testscripts.TC_003_LoginWithInvalidUsername"/>
</testsuite> <!-- testscripts.TC_003_LoginWithInvalidUsername -->
