<?xml version="1.0" encoding="UTF-8"?>
<!-- Generated by org.testng.reporters.JUnitReportReporter -->
<testsuite skipped="0" hostname="jarvis" name="excelHandling.ReadingAllOddDataFromExcelFile" tests="1" failures="0" timestamp="29 Dec 2020 10:32:21 GMT" time="0.395" errors="0">
  <testcase name="readExcelFile" time="0.395" classname="excelHandling.ReadingAllOddDataFromExcelFile"/>
</testsuite> <!-- excelHandling.ReadingAllOddDataFromExcelFile -->
