<?xml version="1.0" encoding="UTF-8"?>
<!-- Generated by org.testng.reporters.JUnitReportReporter -->
<testsuite skipped="0" hostname="jarvis" name="testscripts.TestInstagram" tests="1" failures="0" timestamp="31 Dec 2020 10:27:37 GMT" time="14.130" errors="0">
  <testcase name="instagram" time="14.130" classname="testscripts.TestInstagram"/>
</testsuite> <!-- testscripts.TestInstagram -->
