<?xml version="1.0" encoding="UTF-8"?>
<!-- Generated by org.testng.reporters.JUnitReportReporter -->
<testsuite skipped="0" hostname="jarvis" name="advance.SelectClassGetOptions" tests="1" failures="0" timestamp="29 Dec 2020 10:00:42 GMT" time="10.381" errors="0">
  <testcase name="singleSelect" time="10.381" classname="advance.SelectClassGetOptions"/>
</testsuite> <!-- advance.SelectClassGetOptions -->
