<?xml version="1.0" encoding="UTF-8"?>
<!-- Generated by org.testng.reporters.JUnitReportReporter -->
<testsuite skipped="0" hostname="jarvis" name="advance.SelectClassSelectByVisibleText" tests="1" failures="0" timestamp="29 Dec 2020 09:54:50 GMT" time="17.852" errors="0">
  <testcase name="singleSelect" time="17.852" classname="advance.SelectClassSelectByVisibleText"/>
</testsuite> <!-- advance.SelectClassSelectByVisibleText -->
