<?xml version="1.0" encoding="UTF-8"?>
<!-- Generated by org.testng.reporters.JUnitReportReporter -->
<testsuite skipped="0" hostname="jarvis" name="advance.SelectClassSelectByIndex" tests="1" failures="0" timestamp="29 Dec 2020 09:53:13 GMT" time="10.563" errors="0">
  <testcase name="singleSelect" time="10.563" classname="advance.SelectClassSelectByIndex"/>
</testsuite> <!-- advance.SelectClassSelectByIndex -->
