<?xml version="1.0" encoding="UTF-8"?>
<!-- Generated by org.testng.reporters.JUnitReportReporter -->
<testsuite skipped="0" hostname="jarvis" name="testscripts.TC_002_LoginWithValidCredential" tests="1" failures="0" timestamp="05 Jan 2021 10:15:48 GMT" time="34.800" errors="0">
  <testcase name="tc_002_loginWithValidCredential" time="34.800" classname="testscripts.TC_002_LoginWithValidCredential"/>
</testsuite> <!-- testscripts.TC_002_LoginWithValidCredential -->
