<?xml version="1.0" encoding="UTF-8"?>
<!-- Generated by org.testng.reporters.JUnitReportReporter -->
<testsuite skipped="0" hostname="jarvis" name="testngdemo.TestNGDemo_04" tests="4" failures="0" timestamp="22 Dec 2020 09:51:09 GMT" time="0.004" errors="0">
  <testcase name="registerUser" time="0.001" classname="testngdemo.TestNGDemo_04"/>
  <testcase name="loginUser" time="0.001" classname="testngdemo.TestNGDemo_04"/>
  <testcase name="loginUser" time="0.001" classname="testngdemo.TestNGDemo_04"/>
  <testcase name="deleteUser" time="0.001" classname="testngdemo.TestNGDemo_04"/>
</testsuite> <!-- testngdemo.TestNGDemo_04 -->
