<?xml version="1.0" encoding="UTF-8"?>
<!-- Generated by org.testng.reporters.JUnitReportReporter -->
<testsuite skipped="0" hostname="jarvis" name="testngdemo.TestNGDemo_01" tests="3" failures="0" timestamp="22 Dec 2020 09:51:09 GMT" time="0.009" errors="0">
  <testcase name="pest001" time="0.007" classname="testngdemo.TestNGDemo_01"/>
  <testcase name="qest001" time="0.001" classname="testngdemo.TestNGDemo_01"/>
  <testcase name="test001" time="0.001" classname="testngdemo.TestNGDemo_01"/>
</testsuite> <!-- testngdemo.TestNGDemo_01 -->
