<?xml version="1.0" encoding="UTF-8"?>
<!-- Generated by org.testng.reporters.JUnitReportReporter -->
<testsuite skipped="0" hostname="jarvis" name="testngdemo.TestNGDemo_01" tests="3" failures="0" timestamp="21 Dec 2020 12:13:25 GMT" time="0.007" errors="0">
  <testcase name="qest001" time="0.002" classname="testngdemo.TestNGDemo_01"/>
  <testcase name="test001" time="0.001" classname="testngdemo.TestNGDemo_01"/>
  <testcase name="pest001" time="0.004" classname="testngdemo.TestNGDemo_01"/>
</testsuite> <!-- testngdemo.TestNGDemo_01 -->
