<?xml version="1.0" encoding="UTF-8"?>
<!-- Generated by org.testng.reporters.JUnitReportReporter -->
<testsuite skipped="0" hostname="jarvis" name="testngdemo.SoftAssertClassDemo_02" tests="1" failures="0" timestamp="24 Dec 2020 10:25:57 GMT" time="0.013" errors="0">
  <testcase name="registerUser" time="0.013" classname="testngdemo.SoftAssertClassDemo_02"/>
</testsuite> <!-- testngdemo.SoftAssertClassDemo_02 -->
