<?xml version="1.0" encoding="UTF-8"?>
<!-- Generated by org.testng.reporters.JUnitReportReporter -->
<testsuite skipped="0" hostname="jarvis" name="excelHandling.WriteDataInExcelFile" tests="1" failures="0" timestamp="30 Dec 2020 10:40:59 GMT" time="0.445" errors="0">
  <testcase name="writeData" time="0.445" classname="excelHandling.WriteDataInExcelFile"/>
</testsuite> <!-- excelHandling.WriteDataInExcelFile -->
