<?xml version="1.0" encoding="UTF-8"?>
<!-- Generated by org.testng.reporters.JUnitReportReporter -->
<testsuite skipped="0" hostname="jarvis" name="excelHandling.WriteDataInExcelFileUsingEnhancedFoorLoop" tests="1" failures="0" timestamp="30 Dec 2020 10:48:27 GMT" time="0.459" errors="0">
  <testcase name="writeData" time="0.459" classname="excelHandling.WriteDataInExcelFileUsingEnhancedFoorLoop"/>
</testsuite> <!-- excelHandling.WriteDataInExcelFileUsingEnhancedFoorLoop -->
