<?xml version="1.0" encoding="UTF-8"?>
<!-- Generated by org.testng.reporters.JUnitReportReporter -->
<testsuite skipped="0" hostname="jarvis" name="advance.SelectClassSelectByValue" tests="1" failures="0" timestamp="29 Dec 2020 09:54:08 GMT" time="9.652" errors="0">
  <testcase name="singleSelect" time="9.652" classname="advance.SelectClassSelectByValue"/>
</testsuite> <!-- advance.SelectClassSelectByValue -->
