<?xml version="1.0" encoding="UTF-8"?>
<!-- Generated by org.testng.reporters.JUnitReportReporter -->
<testsuite skipped="0" hostname="jarvis" name="advance.SelectClassDeselectAll" tests="1" failures="0" timestamp="29 Dec 2020 07:46:01 GMT" time="10.484" errors="0">
  <testcase name="singleSelect" time="10.484" classname="advance.SelectClassDeselectAll"/>
</testsuite> <!-- advance.SelectClassDeselectAll -->
