<?xml version="1.0" encoding="UTF-8"?>
<!-- Generated by org.testng.reporters.JUnitReportReporter -->
<testsuite skipped="0" hostname="jarvis" name="testscripts.TC_004_LoginWithInvalidPassword" tests="1" failures="0" timestamp="05 Jan 2021 10:23:06 GMT" time="2.774" errors="0">
  <testcase name="tc_002_loginWithInvalidPassword" time="2.774" classname="testscripts.TC_004_LoginWithInvalidPassword"/>
</testsuite> <!-- testscripts.TC_004_LoginWithInvalidPassword -->
