<?xml version="1.0" encoding="UTF-8"?>
<!-- Generated by org.testng.reporters.JUnitReportReporter -->
<testsuite skipped="0" hostname="jarvis" name="testscripts.TC_001_LaunchAppWithValidURL" tests="1" failures="0" timestamp="05 Jan 2021 10:00:00 GMT" time="2.548" errors="0">
  <testcase name="tc_001_launchAppWithValidUrl" time="2.548" classname="testscripts.TC_001_LaunchAppWithValidURL"/>
</testsuite> <!-- testscripts.TC_001_LaunchAppWithValidURL -->
