<?xml version="1.0" encoding="UTF-8"?>
<!-- Generated by org.testng.reporters.JUnitReportReporter -->
<testsuite skipped="0" hostname="jarvis" name="testngdemo.TestNGDemo_02" tests="3" failures="0" timestamp="21 Dec 2020 12:23:57 GMT" time="0.014" errors="0">
  <testcase name="test01" time="0.010" classname="testngdemo.TestNGDemo_02"/>
  <testcase name="test03" time="0.002" classname="testngdemo.TestNGDemo_02"/>
  <testcase name="test02" time="0.002" classname="testngdemo.TestNGDemo_02"/>
</testsuite> <!-- testngdemo.TestNGDemo_02 -->
