<?xml version="1.0" encoding="UTF-8"?>
<!-- Generated by org.testng.reporters.JUnitReportReporter -->
<testsuite skipped="0" hostname="jarvis" name="advance.SelectClassSingleSelect" tests="1" failures="0" timestamp="29 Dec 2020 05:35:20 GMT" time="10.197" errors="0">
  <testcase name="singleSelect" time="10.197" classname="advance.SelectClassSingleSelect"/>
</testsuite> <!-- advance.SelectClassSingleSelect -->
