<?xml version="1.0" encoding="UTF-8"?>
<!-- Generated by org.testng.reporters.JUnitReportReporter -->
<testsuite skipped="0" hostname="jarvis" name="excelHandling.CountNumberOfRowsAndColumns" tests="1" failures="0" timestamp="29 Dec 2020 10:21:55 GMT" time="0.408" errors="0">
  <testcase name="readExcelFile" time="0.408" classname="excelHandling.CountNumberOfRowsAndColumns"/>
</testsuite> <!-- excelHandling.CountNumberOfRowsAndColumns -->
